{
  "stats": {
    "suites": 1,
    "tests": 6,
    "passes": 6,
    "pending": 0,
    "failures": 0,
    "start": "2021-12-11T14:21:30.306Z",
    "end": "2021-12-11T14:21:38.090Z",
    "duration": 7784,
    "testsRegistered": 6,
    "passPercent": 100,
    "pendingPercent": 0,
    "other": 0,
    "hasOther": false,
    "skipped": 0,
    "hasSkipped": false
  },
  "results": [
    {
      "uuid": "a6d2b493-304f-4b5e-8419-cb31df98a591",
      "title": "",
      "fullFile": "cypress/tests/ui-sign-in.spec.js",
      "file": "cypress/tests/ui-sign-in.spec.js",
      "beforeHooks": [],
      "afterHooks": [],
      "tests": [],
      "suites": [
        {
          "uuid": "3d7be97f-71f6-4100-a5a6-4724b382c2ba",
          "title": "Login",
          "fullFile": "",
          "file": "",
          "beforeHooks": [],
          "afterHooks": [],
          "tests": [
            {
              "title": "Quando informar email e senha válidos, deve acessar",
              "fullTitle": "Login Quando informar email e senha válidos, deve acessar",
              "timedOut": null,
              "duration": 3245,
              "state": "passed",
              "speed": "slow",
              "pass": true,
              "fail": false,
              "pending": false,
              "context": null,
              "code": "cy.intercept({\n  method: 'POST',\n  url: 'https://api.realworld.io/api/users/login'\n}, {\n  statusCode: 200,\n  fixture: 'login-com-sucesso.json'\n}).as('postUser');\n_signin.default.preencherFormulario('chapterv@mail.com', 'pwd123');\n_signin.default.submeterFormulario();\n_signin.default.validarLoginComSucesso();",
              "err": {},
              "uuid": "bf119f66-fe75-4045-a89c-896552a6eae9",
              "parentUUID": "3d7be97f-71f6-4100-a5a6-4724b382c2ba",
              "isHook": false,
              "skipped": false
            },
            {
              "title": "Quando não informar usuário e senha, deve exibir mensagem: email can't be blank",
              "fullTitle": "Login Quando não informar usuário e senha, deve exibir mensagem: email can't be blank",
              "timedOut": null,
              "duration": 311,
              "state": "passed",
              "speed": "slow",
              "pass": true,
              "fail": false,
              "pending": false,
              "context": null,
              "code": "cy.intercept({\n  method: 'POST',\n  url: 'https://api.realworld.io/api/users/login'\n}, {\n  statusCode: 422,\n  fixture: 'login-sem-informar-email-senha.json'\n}).as('postUser');\n_signin.default.submeterFormulario();\n_signin.default.validarLoginSemSucesso(\"email can't be blank\");",
              "err": {},
              "uuid": "aeca182a-62a9-4445-bedb-a929f3885df4",
              "parentUUID": "3d7be97f-71f6-4100-a5a6-4724b382c2ba",
              "isHook": false,
              "skipped": false
            },
            {
              "title": "Quando informar email válido e senha inválida, deve exibir mensagem: email or password is invalid",
              "fullTitle": "Login Quando informar email válido e senha inválida, deve exibir mensagem: email or password is invalid",
              "timedOut": null,
              "duration": 1169,
              "state": "passed",
              "speed": "slow",
              "pass": true,
              "fail": false,
              "pending": false,
              "context": null,
              "code": "cy.intercept({\n  method: 'POST',\n  url: 'https://api.realworld.io/api/users/login'\n}, {\n  statusCode: 403,\n  fixture: 'login-com-senha-invalida.json'\n}).as('postUser');\n_signin.default.preencherFormulario('chapterv@mail.com', 'SenhaInvalida');\n_signin.default.submeterFormulario();\n_signin.default.validarLoginSemSucesso(\"email or password is invalid\");",
              "err": {},
              "uuid": "38200d7c-6969-42cc-b02b-f2c782508d7c",
              "parentUUID": "3d7be97f-71f6-4100-a5a6-4724b382c2ba",
              "isHook": false,
              "skipped": false
            },
            {
              "title": "Quando informar email inválido e senha válida, deve exibir mensagem: email or password is invalid",
              "fullTitle": "Login Quando informar email inválido e senha válida, deve exibir mensagem: email or password is invalid",
              "timedOut": null,
              "duration": 1234,
              "state": "passed",
              "speed": "slow",
              "pass": true,
              "fail": false,
              "pending": false,
              "context": null,
              "code": "cy.intercept({\n  method: 'POST',\n  url: 'https://api.realworld.io/api/users/login'\n}, {\n  statusCode: 403,\n  fixture: 'login-com-usuario-invalido.json'\n}).as('postUser');\n_signin.default.preencherFormulario('usuarioinvalido@mail.com', 'pwd123');\n_signin.default.submeterFormulario();\n_signin.default.validarLoginSemSucesso('email or password is invalid');",
              "err": {},
              "uuid": "9f4357db-6113-450f-bda1-c171c92edaf0",
              "parentUUID": "3d7be97f-71f6-4100-a5a6-4724b382c2ba",
              "isHook": false,
              "skipped": false
            },
            {
              "title": "Quando não informar email e informar a senha, deve exibir mensagem: email can't be blank",
              "fullTitle": "Login Quando não informar email e informar a senha, deve exibir mensagem: email can't be blank",
              "timedOut": null,
              "duration": 727,
              "state": "passed",
              "speed": "slow",
              "pass": true,
              "fail": false,
              "pending": false,
              "context": null,
              "code": "cy.intercept({\n  method: 'POST',\n  url: 'https://api.realworld.io/api/users/login'\n}, {\n  statusCode: 422,\n  fixture: 'login-sem-informar-email.json'\n}).as('postUser');\ncy.get('input[placeholder=\"Password\"]').type('pwd123');\n_signin.default.submeterFormulario();\n_signin.default.validarLoginSemSucesso(\"email can't be blank\");",
              "err": {},
              "uuid": "1f8dd932-4546-4891-a772-d93abc03ae18",
              "parentUUID": "3d7be97f-71f6-4100-a5a6-4724b382c2ba",
              "isHook": false,
              "skipped": false
            },
            {
              "title": "Quando informar o email e não informar a senha, deve exibir mensagem: password can't be blank",
              "fullTitle": "Login Quando informar o email e não informar a senha, deve exibir mensagem: password can't be blank",
              "timedOut": null,
              "duration": 1017,
              "state": "passed",
              "speed": "slow",
              "pass": true,
              "fail": false,
              "pending": false,
              "context": null,
              "code": "cy.intercept({\n  method: 'POST',\n  url: 'https://api.realworld.io/api/users/login'\n}, {\n  statusCode: 422,\n  fixture: 'login-sem-informar-senha.json'\n}).as('postUser');\ncy.get('input[placeholder=\"Email\"]').type('abobrinhav@mail.com');\n_signin.default.submeterFormulario();\n_signin.default.validarLoginSemSucesso(\"password can't be blank\");",
              "err": {},
              "uuid": "9940e1f0-dba4-4227-a599-0dbf830bb0cd",
              "parentUUID": "3d7be97f-71f6-4100-a5a6-4724b382c2ba",
              "isHook": false,
              "skipped": false
            }
          ],
          "suites": [],
          "passes": [
            "bf119f66-fe75-4045-a89c-896552a6eae9",
            "aeca182a-62a9-4445-bedb-a929f3885df4",
            "38200d7c-6969-42cc-b02b-f2c782508d7c",
            "9f4357db-6113-450f-bda1-c171c92edaf0",
            "1f8dd932-4546-4891-a772-d93abc03ae18",
            "9940e1f0-dba4-4227-a599-0dbf830bb0cd"
          ],
          "failures": [],
          "pending": [],
          "skipped": [],
          "duration": 7703,
          "root": false,
          "rootEmpty": false,
          "_timeout": 2000
        }
      ],
      "passes": [],
      "failures": [],
      "pending": [],
      "skipped": [],
      "duration": 0,
      "root": true,
      "rootEmpty": true,
      "_timeout": 2000
    }
  ],
  "meta": {
    "mocha": {
      "version": "7.0.1"
    },
    "mochawesome": {
      "options": {
        "quiet": true,
        "reportFilename": "mochawesome",
        "saveHtml": false,
        "saveJson": true,
        "consoleReporter": "spec",
        "useInlineDiffs": false,
        "code": true
      },
      "version": "7.0.1"
    },
    "marge": {
      "options": {
        "id": "default",
        "reportDir": "mochawesome-report",
        "quiet": true,
        "overwrite": false,
        "html": false,
        "json": true
      },
      "version": "6.0.1"
    }
  }
}